4f f0  0  0 4f f0  8  1  a 46  0 eb 41  1  0 f0  3 f8 8a 42  a d0  c e0  1 b5 82 b0 4f f0  0  0  0 eb 51  1 bd e8  1 40  2 b0 70 47 4f f0  0  0  0 df 4f f0  1  0  0 df  0  0  0  0  0  0  0  0  0  0  0  0  0  0  0  0  0  0  0  0  0  0  0  0  0  0  0  0  0  0  0  0  0  0  0  0  0  0  0  0  0  0  0  0  0  0  0  0  0  0  0  0  0  0  0  0  0  0  0  0  0  0  0  0  0  0  0  0  0  0  0  0  0  0  0  0  0  0  0  0  0  0  0  0  0  0  0  0  0  0  0  0  0  0  0  0  0  0  0  0  0  0  0  0  0  0  0  0  0  0  0  0  0  0  0  0  0  0  0  0  0  0  0  0  0  0  0  0  0  0  0  0  0  0  0  0  0  0  0  0  0  0  0  0  0  0  0  0  0  0  0  0  0  0  0  0  0  0  0  0  0  0  0  0  0  0  0  0  0  0  0  0  0  0  0  0  0  0  0  0  0  0  0  0  0 
 add_imm 

 T3 

 ADD.W 

 (null) 

 fbe08000 

 f2000000 

 add_imm 

 T4 

 ADDW 

 (null) 

 fbf08000 

 f2000000 

 add_reg 

 T3 

 ADD.W 

 (null) 

 ffe00000 

 eb000000 

 b 

 T3 

 B.W 

 (null) 

 f800d000 

 f0008000 

 b 

 T4 

 B.W 

 (null) 

 f800d000 

 f0009000 

 bl 

 T1 

 BL 

 (null) 

 f800d000 

 f000d000 

 cmp_imm 

 T2 

 CMP.W 

 (null) 

 fbf08f00 

 f1b00f00 

 cmp_reg 

 T3 

 CMP.W 

 (null) 

 fff00f00 

 ebb00f00 

 mov_imm 

 T2 

 MOV.W 

 (null) 

 fbef8000 

 f04f0000 

 mov_imm 

 T3 

 MOVW 

 (null) 

 fbf08000 

 f2408000 

 mov_reg 

 T3 

 MOV.W 

 (null) 

 ffef70f0 

 ea4f0000 

 movt 

 T1 

 MOVT 

 (null) 

 fbf08000 

 f2c00000 

 mul 

 T2 

 MUL 

 (null) 

 fff0f0f0 

 fb00f000 

 pop 

 T2 

 POP.W 

 (null) 

 ffff0000 

 e8bd0000 

 pop 

 T3 

 POP.W 

 (null) 

 ffff0fff 

 f85d0b04 

 push 

 T2 

 PUSH.W 

 (null) 

 ffff0000 

 e92d0000 

 push 

 T3 

 PUSH.W 

 (null) 

 ffff0fff 

 f84d0d04 

 sub_imm 

 T3 

 SUB.W 

 (null) 

 fbe08000 

 f1a00000 

 sub_imm 

 T4 

 SUBW 

 (null) 

 fbf08000 

 f2a00000 

 sub_reg 

 T2 

 SUB.W 

 (null) 

 ffe00000 

 eba00000 

 add_imm 

 T1 

 ADD 

 ADDS 

 0000fe00 

 00001c00 

 add_imm 

 T2 

 ADD 

 ADDS 

 0000f800 

 00003000 

 add_reg 

 T1 

 ADD 

 ADDS 

 0000fc00 

 00001800 

 add_reg 

 T2 

 ADD 

 ADDS 

 0000ff00 

 00004400 

 b 

 T1 

 B 

 (null) 

 0000f000 

 0000d000 

 b 

 T2 

 B 

 (null) 

 0000f800 

 0000e000 

 bx 

 T1 

 BX 

 (null) 

 0000ff80 

 00004700 

 cmp_imm 

 T1 

 CMP 

 (null) 

 0000f800 

 00002800 

 cmp_reg 

 T1 

 CMP 

 (null) 

 0000ffc0 

 00004280 

 cmp_reg 

 T2 

 CMP 

 (null) 

 0000ff00 

 00004500 

 it 

 T1 

 IT 

 (null) 

 0000ff00 

 0000bf00 

 mov_reg 

 T1 

 MOV 

 (null) 

 0000ff00 

 00004600 

 mov_reg 

 T2 

 MOV 

 (null) 

 0000ffc0 

 00000000 

 mul 

 T1 

 MUL 

 (null) 

 0000ffc0 

 00004340 

 pop 

 T1 

 POP 

 (null) 

 0000fe00 

 0000bc00 

 push 

 T1 

 PUSH 

 (null) 

 0000fe00 

 0000b400 

 sub_imm 

 T1 

 SUB 

 SUBS 

 0000fe00 

 00001e00 

 sub_imm 

 T2 

 SUB 

 SUBS 

 0000f800 

 00003800 

 sub_reg 

 T1 

 SUB 

 SUBS 

 0000fe00 

 00001a00 

 scv 

 T1 

 SVC 

 (null) 

 0000ff00 

 0000df00 
word:     4ff0
word: 4ff00000
word:     f000
word: f000004f
word:     4ff0
word: 4ff00801
word:     f008
word: f008010a
word:      801
word:  8010a46
word:      10a
word:  10a4600
word:      a46
word:  a4600eb
word:     4600
in: 0100011000000000	n°11
mask: 1111111100000000	opcode: 0100011000000000
a: 0100011000000000	b: 0100011000000000

MOV
word:     eb41
word: eb410100
word:     4101
word: 410100f0
word:      100
word:  100f003
word:     f003
word: f003f88a
in: 11110000000000111111100010001010	n°5
mask: 11111000000000001101000000000000	opcode: 11110000000000001101000000000000
a: 11110000000000001101000000000000	b: 11110000000000001101000000000000

BL
word:     420a
word: 420ad00c
word:      ad0
word:  ad00ce0
word:     d00c
in: 1101000000001100	n°4
mask: 1111000000000000	opcode: 1101000000000000
a: 1101000000000000	b: 1101000000000000

B
word:     e001
in: 1110000000000001	n°5
mask: 1111100000000000	opcode: 1110000000000000
a: 1110000000000000	b: 1110000000000000

B
word:     b582
in: 1011010110000010	n°15
mask: 1111111000000000	opcode: 1011010000000000
a: 1011010000000000	b: 1011010000000000

PUSH
word:     b04f
word: b04ff000
word:     4ff0
word: 4ff00000
word:     f000
word: f0000000
word:     eb51
word: eb5101bd
word:     5101
word: 5101bde8
word:      1bd
word:  1bde801
word:     bde8
in: 1011110111101000	n°14
mask: 1111111000000000	opcode: 1011110000000000
a: 1011110000000000	b: 1011110000000000

POP
word:      140
word:  14002b0
word:     4002
word: 4002b070
word:      2b0
word:  2b07047
word:     b070
word: b070474f
word:     7047
word: 70474ff0
word:     474f
in: 0100011101001111	n°6
mask: 1111111110000000	opcode: 0100011100000000
a: 0100011100000000	b: 0100011100000000

BX
word:     f000
word: f0000000
word:     df4f
in: 1101111101001111	n°4
mask: 1111000000000000	opcode: 1101000000000000
a: 1101000000000000	b: 1101000000000000

B
word:     f001
word: f0010000
word:      100
word:  10000df
word:     df00
in: 1101111100000000	n°4
mask: 1111000000000000	opcode: 1101000000000000
a: 1101000000000000	b: 1101000000000000

B
