.text
.rodata
.data
.bss
0x1000

  0x00001000 4f f0 00 00 4f f0 08 01 0a 46 00 eb 41 01 00 f0 
  0x00001010 03 f8 8a 42 0a d0 0c e0 01 b5 82 b0 4f f0 00 00 
  0x00001020 00 eb 51 01 bd e8 01 40 02 b0 70 47 4f f0 00 00 
  0x00001030 00 df 4f f0 01 00 00 df 00 00 00 

MOV.W r0, #0 (       0)
MOV.W r1, #8 (       8)
MOV r2, r1
ADD.W r1, r0, r1, #1 (       1)
BL, #3 (       3)
CMP r2, r1
B, #10 (       a)
B, #12 (       c)
PUSH r1, r0, #0 (       0)
SUB,sp,sp, #2 (       2)
MOV.W r0, #0 (       0)
ADD.W r1, r0, r1, #1 (       1)
POP.W r1, r0, r0, #0 (       0)
ADD,sp,sp, #2 (       2)
BX lr
MOV.W r0, #0 (       0)
B, #0 (       0)
MOV.W r0, #1 (       1)
B, #0 (       0)

(null)
