[00;31m
0x00000ff0	00 00 00 00 00 00 00 00 00 00 00 00 00 00 00 00 [0m
0x00001000	[00;32mf04f0000	[0mMOV.W 
0x00001004	[00;32mf04f0108	[0mMOV.W 
0x00001008	[00;32m460a		[0mMOV r134303728, r0
0x0000100a	[00;32meb000141	[0mADD.W 
0x0000100e	[00;32mf000f803	[0mBL #0
0x00001012	[00;32m428a		[0mCMP 
0x00001014	[00;32md00a		[0mB #0
0x00001016	[00;32me00c		[0mB #0
0x00001018	[00;32mb501		[0mPUSH {}
0x0000101a	[00;32mb082		[0mSUB sp, sp
0x0000101c	[00;32mf04f0000	[0mMOV.W 
0x00001020	[00;32meb000151	[0mADD.W 
0x00001024	[00;32me8bd4001	[0mPOP.W {}
0x00001028	[00;32mb002		[0mADD sp, sp
0x0000102a	[00;32m4770		[0mBX 
0x0000102c	[00;32mf04f0000	[0mMOV.W 
0x00001030	[00;32mdf00		[0mSVC 
0x00001032	[00;32mf04f0001	[0mMOV.W 
0x00001036	[00;32mdf00		[0mSVC [00;31m
0x00001038	00 00 00 00 00 00 00 00 00 00 00 00 00 00 00 00 
0x00001048	00 00 00 00 00 00 00 [0m

