start: 0x00000fff;	end: 0x0000200f

0x00000fff	00 f0 4f 00 00 f0 4f 01 08 46 0a eb 00 01 41 f0 
0x0000100f	00 f8 03 42 8a d0 0a e0 0c b5 01 b0 82 f0 4f 00 
0x0000101f	00 eb 00 01 51 e8 bd 40 01 b0 02 47 70 f0 4f 00 
0x0000102f	00 df 00 f0 4f 00 01 df 00 00 00 00 00 00 00 00 
0x0000103f	00 00 00 00 00 00 00 00 00 00 00 00 00 00 00 00 
0x0000104f	00 00 00 00 00 00 00 00 00 00 00 00 00 00 00 00 
0x0000105f	00 00 00 00 00 00 00 00 00 00 00 00 00 00 00 00 
0x0000106f	00 00 00 00 00 00 00 00 00 00 00 00 00 00 00 00 
0x0000107f	00 00 00 00 00 00 00 00 00 00 00 00 00 00 00 00 
0x0000108f	00 00 00 00 00 00 00 00 00 00 00 00 00 00 00 00 
0x0000109f	00 00 00 00 00 00 00 00 00 00 00 00 00 00 00 00 
0x000010af	00 00 00 00 00 00 00 00 00 00 00 00 00 00 00 00 
0x000010bf	00 00 00 00 00 00 00 00 00 00 00 00 00 00 00 00 
0x000010cf	00 00 00 00 00 00 00 00 00 00 00 00 00 00 00 00 
0x000010df	00 00 00 00 00 00 00 00 00 00 00 00 00 00 00 00 
0x000010ef	00 00 00 00 00 00 00 00 00 00 00 00 00 00 00 00 
0x000010ff	00 00 00 00 00 00 00 00 00 00 00 00 00 00 00 00 
0x0000110f	00 00 00 00 00 00 00 00 00 00 00 00 00 00 00 00 
0x0000111f	00 00 00 00 00 00 00 00 00 00 00 00 00 00 00 00 
0x0000112f	00 00 00 00 00 00 00 00 00 00 00 00 00 00 00 00 
0x0000113f	00 00 00 00 00 00 00 00 00 00 00 00 00 00 00 00 
0x0000114f	00 00 00 00 00 00 00 00 00 00 00 00 00 00 00 00 
0x0000115f	00 00 00 00 00 00 00 00 00 00 00 00 00 00 00 00 
0x0000116f	00 00 00 00 00 00 00 00 00 00 00 00 00 00 00 00 
0x0000117f	00 00 00 00 00 00 00 00 00 00 00 00 00 00 00 00 
0x0000118f	00 00 00 00 00 00 00 00 00 00 00 00 00 00 00 00 
0x0000119f	00 00 00 00 00 00 00 00 00 00 00 00 00 00 00 00 
0x000011af	00 00 00 00 00 00 00 00 00 00 00 00 00 00 00 00 
0x000011bf	00 00 00 00 00 00 00 00 00 00 00 00 00 00 00 00 
0x000011cf	00 00 00 00 00 00 00 00 00 00 00 00 00 00 00 00 
0x000011df	00 00 00 00 00 00 00 00 00 00 00 00 00 00 00 00 
0x000011ef	00 00 00 00 00 00 00 00 00 00 00 00 00 00 00 00 
0x000011ff	00 00 00 00 00 00 00 00 00 00 00 00 00 00 00 00 
0x0000120f	00 00 00 00 00 00 00 00 00 00 00 00 00 00 00 00 
0x0000121f	00 00 00 00 00 00 00 00 00 00 00 00 00 00 00 00 
0x0000122f	00 00 00 00 00 00 00 00 00 00 00 00 00 00 00 00 
0x0000123f	00 00 00 00 00 00 00 00 00 00 00 00 00 00 00 00 
0x0000124f	00 00 00 00 00 00 00 00 00 00 00 00 00 00 00 00 
0x0000125f	00 00 00 00 00 00 00 00 00 00 00 00 00 00 00 00 
0x0000126f	00 00 00 00 00 00 00 00 00 00 00 00 00 00 00 00 
0x0000127f	00 00 00 00 00 00 00 00 00 00 00 00 00 00 00 00 
0x0000128f	00 00 00 00 00 00 00 00 00 00 00 00 00 00 00 00 
0x0000129f	00 00 00 00 00 00 00 00 00 00 00 00 00 00 00 00 
0x000012af	00 00 00 00 00 00 00 00 00 00 00 00 00 00 00 00 
0x000012bf	00 00 00 00 00 00 00 00 00 00 00 00 00 00 00 00 
0x000012cf	00 00 00 00 00 00 00 00 00 00 00 00 00 00 00 00 
0x000012df	00 00 00 00 00 00 00 00 00 00 00 00 00 00 00 00 
0x000012ef	00 00 00 00 00 00 00 00 00 00 00 00 00 00 00 00 
0x000012ff	00 00 00 00 00 00 00 00 00 00 00 00 00 00 00 00 
0x0000130f	00 00 00 00 00 00 00 00 00 00 00 00 00 00 00 00 
0x0000131f	00 00 00 00 00 00 00 00 00 00 00 00 00 00 00 00 
0x0000132f	00 00 00 00 00 00 00 00 00 00 00 00 00 00 00 00 
0x0000133f	00 00 00 00 00 00 00 00 00 00 00 00 00 00 00 00 
0x0000134f	00 00 00 00 00 00 00 00 00 00 00 00 00 00 00 00 
0x0000135f	00 00 00 00 00 00 00 00 00 00 00 00 00 00 00 00 
0x0000136f	00 00 00 00 00 00 00 00 00 00 00 00 00 00 00 00 
0x0000137f	00 00 00 00 00 00 00 00 00 00 00 00 00 00 00 00 
0x0000138f	00 00 00 00 00 00 00 00 00 00 00 00 00 00 00 00 
0x0000139f	00 00 00 00 00 00 00 00 00 00 00 00 00 00 00 00 
0x000013af	00 00 00 00 00 00 00 00 00 00 00 00 00 00 00 00 
0x000013bf	00 00 00 00 00 00 00 00 00 00 00 00 00 00 00 00 
0x000013cf	00 00 00 00 00 00 00 00 00 00 00 00 00 00 00 00 
0x000013df	00 00 00 00 00 00 00 00 00 00 00 00 00 00 00 00 
0x000013ef	00 00 00 00 00 00 00 00 00 00 00 00 00 00 00 00 
0x000013ff	00 00 00 00 00 00 00 00 00 00 00 00 00 00 00 00 
0x0000140f	00 00 00 00 00 00 00 00 00 00 00 00 00 00 00 00 
0x0000141f	00 00 00 00 00 00 00 00 00 00 00 00 00 00 00 00 
0x0000142f	00 00 00 00 00 00 00 00 00 00 00 00 00 00 00 00 
0x0000143f	00 00 00 00 00 00 00 00 00 00 00 00 00 00 00 00 
0x0000144f	00 00 00 00 00 00 00 00 00 00 00 00 00 00 00 00 
0x0000145f	00 00 00 00 00 00 00 00 00 00 00 00 00 00 00 00 
0x0000146f	00 00 00 00 00 00 00 00 00 00 00 00 00 00 00 00 
0x0000147f	00 00 00 00 00 00 00 00 00 00 00 00 00 00 00 00 
0x0000148f	00 00 00 00 00 00 00 00 00 00 00 00 00 00 00 00 
0x0000149f	00 00 00 00 00 00 00 00 00 00 00 00 00 00 00 00 
0x000014af	00 00 00 00 00 00 00 00 00 00 00 00 00 00 00 00 
0x000014bf	00 00 00 00 00 00 00 00 00 00 00 00 00 00 00 00 
0x000014cf	00 00 00 00 00 00 00 00 00 00 00 00 00 00 00 00 
0x000014df	00 00 00 00 00 00 00 00 00 00 00 00 00 00 00 00 
0x000014ef	00 00 00 00 00 00 00 00 00 00 00 00 00 00 00 00 
0x000014ff	00 00 00 00 00 00 00 00 00 00 00 00 00 00 00 00 
0x0000150f	00 00 00 00 00 00 00 00 00 00 00 00 00 00 00 00 
0x0000151f	00 00 00 00 00 00 00 00 00 00 00 00 00 00 00 00 
0x0000152f	00 00 00 00 00 00 00 00 00 00 00 00 00 00 00 00 
0x0000153f	00 00 00 00 00 00 00 00 00 00 00 00 00 00 00 00 
0x0000154f	00 00 00 00 00 00 00 00 00 00 00 00 00 00 00 00 
0x0000155f	00 00 00 00 00 00 00 00 00 00 00 00 00 00 00 00 
0x0000156f	00 00 00 00 00 00 00 00 00 00 00 00 00 00 00 00 
0x0000157f	00 00 00 00 00 00 00 00 00 00 00 00 00 00 00 00 
0x0000158f	00 00 00 00 00 00 00 00 00 00 00 00 00 00 00 00 
0x0000159f	00 00 00 00 00 00 00 00 00 00 00 00 00 00 00 00 
0x000015af	00 00 00 00 00 00 00 00 00 00 00 00 00 00 00 00 
0x000015bf	00 00 00 00 00 00 00 00 00 00 00 00 00 00 00 00 
0x000015cf	00 00 00 00 00 00 00 00 00 00 00 00 00 00 00 00 
0x000015df	00 00 00 00 00 00 00 00 00 00 00 00 00 00 00 00 
0x000015ef	00 00 00 00 00 00 00 00 00 00 00 00 00 00 00 00 
0x000015ff	00 00 00 00 00 00 00 00 00 00 00 00 00 00 00 00 
0x0000160f	00 00 00 00 00 00 00 00 00 00 00 00 00 00 00 00 
0x0000161f	00 00 00 00 00 00 00 00 00 00 00 00 00 00 00 00 
0x0000162f	00 00 00 00 00 00 00 00 00 00 00 00 00 00 00 00 
0x0000163f	00 00 00 00 00 00 00 00 00 00 00 00 00 00 00 00 
0x0000164f	00 00 00 00 00 00 00 00 00 00 00 00 00 00 00 00 
0x0000165f	00 00 00 00 00 00 00 00 00 00 00 00 00 00 00 00 
0x0000166f	00 00 00 00 00 00 00 00 00 00 00 00 00 00 00 00 
0x0000167f	00 00 00 00 00 00 00 00 00 00 00 00 00 00 00 00 
0x0000168f	00 00 00 00 00 00 00 00 00 00 00 00 00 00 00 00 
0x0000169f	00 00 00 00 00 00 00 00 00 00 00 00 00 00 00 00 
0x000016af	00 00 00 00 00 00 00 00 00 00 00 00 00 00 00 00 
0x000016bf	00 00 00 00 00 00 00 00 00 00 00 00 00 00 00 00 
0x000016cf	00 00 00 00 00 00 00 00 00 00 00 00 00 00 00 00 
0x000016df	00 00 00 00 00 00 00 00 00 00 00 00 00 00 00 00 
0x000016ef	00 00 00 00 00 00 00 00 00 00 00 00 00 00 00 00 
0x000016ff	00 00 00 00 00 00 00 00 00 00 00 00 00 00 00 00 
0x0000170f	00 00 00 00 00 00 00 00 00 00 00 00 00 00 00 00 
0x0000171f	00 00 00 00 00 00 00 00 00 00 00 00 00 00 00 00 
0x0000172f	00 00 00 00 00 00 00 00 00 00 00 00 00 00 00 00 
0x0000173f	00 00 00 00 00 00 00 00 00 00 00 00 00 00 00 00 
0x0000174f	00 00 00 00 00 00 00 00 00 00 00 00 00 00 00 00 
0x0000175f	00 00 00 00 00 00 00 00 00 00 00 00 00 00 00 00 
0x0000176f	00 00 00 00 00 00 00 00 00 00 00 00 00 00 00 00 
0x0000177f	00 00 00 00 00 00 00 00 00 00 00 00 00 00 00 00 
0x0000178f	00 00 00 00 00 00 00 00 00 00 00 00 00 00 00 00 
0x0000179f	00 00 00 00 00 00 00 00 00 00 00 00 00 00 00 00 
0x000017af	00 00 00 00 00 00 00 00 00 00 00 00 00 00 00 00 
0x000017bf	00 00 00 00 00 00 00 00 00 00 00 00 00 00 00 00 
0x000017cf	00 00 00 00 00 00 00 00 00 00 00 00 00 00 00 00 
0x000017df	00 00 00 00 00 00 00 00 00 00 00 00 00 00 00 00 
0x000017ef	00 00 00 00 00 00 00 00 00 00 00 00 00 00 00 00 
0x000017ff	00 00 00 00 00 00 00 00 00 00 00 00 00 00 00 00 
0x0000180f	00 00 00 00 00 00 00 00 00 00 00 00 00 00 00 00 
0x0000181f	00 00 00 00 00 00 00 00 00 00 00 00 00 00 00 00 
0x0000182f	00 00 00 00 00 00 00 00 00 00 00 00 00 00 00 00 
0x0000183f	00 00 00 00 00 00 00 00 00 00 00 00 00 00 00 00 
0x0000184f	00 00 00 00 00 00 00 00 00 00 00 00 00 00 00 00 
0x0000185f	00 00 00 00 00 00 00 00 00 00 00 00 00 00 00 00 
0x0000186f	00 00 00 00 00 00 00 00 00 00 00 00 00 00 00 00 
0x0000187f	00 00 00 00 00 00 00 00 00 00 00 00 00 00 00 00 
0x0000188f	00 00 00 00 00 00 00 00 00 00 00 00 00 00 00 00 
0x0000189f	00 00 00 00 00 00 00 00 00 00 00 00 00 00 00 00 
0x000018af	00 00 00 00 00 00 00 00 00 00 00 00 00 00 00 00 
0x000018bf	00 00 00 00 00 00 00 00 00 00 00 00 00 00 00 00 
0x000018cf	00 00 00 00 00 00 00 00 00 00 00 00 00 00 00 00 
0x000018df	00 00 00 00 00 00 00 00 00 00 00 00 00 00 00 00 
0x000018ef	00 00 00 00 00 00 00 00 00 00 00 00 00 00 00 00 
0x000018ff	00 00 00 00 00 00 00 00 00 00 00 00 00 00 00 00 
0x0000190f	00 00 00 00 00 00 00 00 00 00 00 00 00 00 00 00 
0x0000191f	00 00 00 00 00 00 00 00 00 00 00 00 00 00 00 00 
0x0000192f	00 00 00 00 00 00 00 00 00 00 00 00 00 00 00 00 
0x0000193f	00 00 00 00 00 00 00 00 00 00 00 00 00 00 00 00 
0x0000194f	00 00 00 00 00 00 00 00 00 00 00 00 00 00 00 00 
0x0000195f	00 00 00 00 00 00 00 00 00 00 00 00 00 00 00 00 
0x0000196f	00 00 00 00 00 00 00 00 00 00 00 00 00 00 00 00 
0x0000197f	00 00 00 00 00 00 00 00 00 00 00 00 00 00 00 00 
0x0000198f	00 00 00 00 00 00 00 00 00 00 00 00 00 00 00 00 
0x0000199f	00 00 00 00 00 00 00 00 00 00 00 00 00 00 00 00 
0x000019af	00 00 00 00 00 00 00 00 00 00 00 00 00 00 00 00 
0x000019bf	00 00 00 00 00 00 00 00 00 00 00 00 00 00 00 00 
0x000019cf	00 00 00 00 00 00 00 00 00 00 00 00 00 00 00 00 
0x000019df	00 00 00 00 00 00 00 00 00 00 00 00 00 00 00 00 
0x000019ef	00 00 00 00 00 00 00 00 00 00 00 00 00 00 00 00 
0x000019ff	00 00 00 00 00 00 00 00 00 00 00 00 00 00 00 00 
0x00001a0f	00 00 00 00 00 00 00 00 00 00 00 00 00 00 00 00 
0x00001a1f	00 00 00 00 00 00 00 00 00 00 00 00 00 00 00 00 
0x00001a2f	00 00 00 00 00 00 00 00 00 00 00 00 00 00 00 00 
0x00001a3f	00 00 00 00 00 00 00 00 00 00 00 00 00 00 00 00 
0x00001a4f	00 00 00 00 00 00 00 00 00 00 00 00 00 00 00 00 
0x00001a5f	00 00 00 00 00 00 00 00 00 00 00 00 00 00 00 00 
0x00001a6f	00 00 00 00 00 00 00 00 00 00 00 00 00 00 00 00 
0x00001a7f	00 00 00 00 00 00 00 00 00 00 00 00 00 00 00 00 
0x00001a8f	00 00 00 00 00 00 00 00 00 00 00 00 00 00 00 00 
0x00001a9f	00 00 00 00 00 00 00 00 00 00 00 00 00 00 00 00 
0x00001aaf	00 00 00 00 00 00 00 00 00 00 00 00 00 00 00 00 
0x00001abf	00 00 00 00 00 00 00 00 00 00 00 00 00 00 00 00 
0x00001acf	00 00 00 00 00 00 00 00 00 00 00 00 00 00 00 00 
0x00001adf	00 00 00 00 00 00 00 00 00 00 00 00 00 00 00 00 
0x00001aef	00 00 00 00 00 00 00 00 00 00 00 00 00 00 00 00 
0x00001aff	00 00 00 00 00 00 00 00 00 00 00 00 00 00 00 00 
0x00001b0f	00 00 00 00 00 00 00 00 00 00 00 00 00 00 00 00 
0x00001b1f	00 00 00 00 00 00 00 00 00 00 00 00 00 00 00 00 
0x00001b2f	00 00 00 00 00 00 00 00 00 00 00 00 00 00 00 00 
0x00001b3f	00 00 00 00 00 00 00 00 00 00 00 00 00 00 00 00 
0x00001b4f	00 00 00 00 00 00 00 00 00 00 00 00 00 00 00 00 
0x00001b5f	00 00 00 00 00 00 00 00 00 00 00 00 00 00 00 00 
0x00001b6f	00 00 00 00 00 00 00 00 00 00 00 00 00 00 00 00 
0x00001b7f	00 00 00 00 00 00 00 00 00 00 00 00 00 00 00 00 
0x00001b8f	00 00 00 00 00 00 00 00 00 00 00 00 00 00 00 00 
0x00001b9f	00 00 00 00 00 00 00 00 00 00 00 00 00 00 00 00 
0x00001baf	00 00 00 00 00 00 00 00 00 00 00 00 00 00 00 00 
0x00001bbf	00 00 00 00 00 00 00 00 00 00 00 00 00 00 00 00 
0x00001bcf	00 00 00 00 00 00 00 00 00 00 00 00 00 00 00 00 
0x00001bdf	00 00 00 00 00 00 00 00 00 00 00 00 00 00 00 00 
0x00001bef	00 00 00 00 00 00 00 00 00 00 00 00 00 00 00 00 
0x00001bff	00 00 00 00 00 00 00 00 00 00 00 00 00 00 00 00 
0x00001c0f	00 00 00 00 00 00 00 00 00 00 00 00 00 00 00 00 
0x00001c1f	00 00 00 00 00 00 00 00 00 00 00 00 00 00 00 00 
0x00001c2f	00 00 00 00 00 00 00 00 00 00 00 00 00 00 00 00 
0x00001c3f	00 00 00 00 00 00 00 00 00 00 00 00 00 00 00 00 
0x00001c4f	00 00 00 00 00 00 00 00 00 00 00 00 00 00 00 00 
0x00001c5f	00 00 00 00 00 00 00 00 00 00 00 00 00 00 00 00 
0x00001c6f	00 00 00 00 00 00 00 00 00 00 00 00 00 00 00 00 
0x00001c7f	00 00 00 00 00 00 00 00 00 00 00 00 00 00 00 00 
0x00001c8f	00 00 00 00 00 00 00 00 00 00 00 00 00 00 00 00 
0x00001c9f	00 00 00 00 00 00 00 00 00 00 00 00 00 00 00 00 
0x00001caf	00 00 00 00 00 00 00 00 00 00 00 00 00 00 00 00 
0x00001cbf	00 00 00 00 00 00 00 00 00 00 00 00 00 00 00 00 
0x00001ccf	00 00 00 00 00 00 00 00 00 00 00 00 00 00 00 00 
0x00001cdf	00 00 00 00 00 00 00 00 00 00 00 00 00 00 00 00 
0x00001cef	00 00 00 00 00 00 00 00 00 00 00 00 00 00 00 00 
0x00001cff	00 00 00 00 00 00 00 00 00 00 00 00 00 00 00 00 
0x00001d0f	00 00 00 00 00 00 00 00 00 00 00 00 00 00 00 00 
0x00001d1f	00 00 00 00 00 00 00 00 00 00 00 00 00 00 00 00 
0x00001d2f	00 00 00 00 00 00 00 00 00 00 00 00 00 00 00 00 
0x00001d3f	00 00 00 00 00 00 00 00 00 00 00 00 00 00 00 00 
0x00001d4f	00 00 00 00 00 00 00 00 00 00 00 00 00 00 00 00 
0x00001d5f	00 00 00 00 00 00 00 00 00 00 00 00 00 00 00 00 
0x00001d6f	00 00 00 00 00 00 00 00 00 00 00 00 00 00 00 00 
0x00001d7f	00 00 00 00 00 00 00 00 00 00 00 00 00 00 00 00 
0x00001d8f	00 00 00 00 00 00 00 00 00 00 00 00 00 00 00 00 
0x00001d9f	00 00 00 00 00 00 00 00 00 00 00 00 00 00 00 00 
0x00001daf	00 00 00 00 00 00 00 00 00 00 00 00 00 00 00 00 
0x00001dbf	00 00 00 00 00 00 00 00 00 00 00 00 00 00 00 00 
0x00001dcf	00 00 00 00 00 00 00 00 00 00 00 00 00 00 00 00 
0x00001ddf	00 00 00 00 00 00 00 00 00 00 00 00 00 00 00 00 
0x00001def	00 00 00 00 00 00 00 00 00 00 00 00 00 00 00 00 
0x00001dff	00 00 00 00 00 00 00 00 00 00 00 00 00 00 00 00 
0x00001e0f	00 00 00 00 00 00 00 00 00 00 00 00 00 00 00 00 
0x00001e1f	00 00 00 00 00 00 00 00 00 00 00 00 00 00 00 00 
0x00001e2f	00 00 00 00 00 00 00 00 00 00 00 00 00 00 00 00 
0x00001e3f	00 00 00 00 00 00 00 00 00 00 00 00 00 00 00 00 
0x00001e4f	00 00 00 00 00 00 00 00 00 00 00 00 00 00 00 00 
0x00001e5f	00 00 00 00 00 00 00 00 00 00 00 00 00 00 00 00 
0x00001e6f	00 00 00 00 00 00 00 00 00 00 00 00 00 00 00 00 
0x00001e7f	00 00 00 00 00 00 00 00 00 00 00 00 00 00 00 00 
0x00001e8f	00 00 00 00 00 00 00 00 00 00 00 00 00 00 00 00 
0x00001e9f	00 00 00 00 00 00 00 00 00 00 00 00 00 00 00 00 
0x00001eaf	00 00 00 00 00 00 00 00 00 00 00 00 00 00 00 00 
0x00001ebf	00 00 00 00 00 00 00 00 00 00 00 00 00 00 00 00 
0x00001ecf	00 00 00 00 00 00 00 00 00 00 00 00 00 00 00 00 
0x00001edf	00 00 00 00 00 00 00 00 00 00 00 00 00 00 00 00 
0x00001eef	00 00 00 00 00 00 00 00 00 00 00 00 00 00 00 00 
0x00001eff	00 00 00 00 00 00 00 00 00 00 00 00 00 00 00 00 
0x00001f0f	00 00 00 00 00 00 00 00 00 00 00 00 00 00 00 00 
0x00001f1f	00 00 00 00 00 00 00 00 00 00 00 00 00 00 00 00 
0x00001f2f	00 00 00 00 00 00 00 00 00 00 00 00 00 00 00 00 
0x00001f3f	00 00 00 00 00 00 00 00 00 00 00 00 00 00 00 00 
0x00001f4f	00 00 00 00 00 00 00 00 00 00 00 00 00 00 00 00 
0x00001f5f	00 00 00 00 00 00 00 00 00 00 00 00 00 00 00 00 
0x00001f6f	00 00 00 00 00 00 00 00 00 00 00 00 00 00 00 00 
0x00001f7f	00 00 00 00 00 00 00 00 00 00 00 00 00 00 00 00 
0x00001f8f	00 00 00 00 00 00 00 00 00 00 00 00 00 00 00 00 
0x00001f9f	00 00 00 00 00 00 00 00 00 00 00 00 00 00 00 00 
0x00001faf	00 00 00 00 00 00 00 00 00 00 00 00 00 00 00 00 
0x00001fbf	00 00 00 00 00 00 00 00 00 00 00 00 00 00 00 00 
0x00001fcf	00 00 00 00 00 00 00 00 00 00 00 00 00 00 00 00 
0x00001fdf	00 00 00 00 00 00 00 00 00 00 00 00 00 00 00 00 
0x00001fef	00 00 00 00 00 00 00 00 00 00 00 00 00 00 00 00 
0x00001fff	00 00 00 00 00 00 00 00 00 00 00 00 00 00 00 00 
0x0000200f	00 
